2023-09-20 23:41:35 26472 [Note] Plugin 'FEDERATED' is disabled.
2023-09-20 23:41:35 26472 [Note] InnoDB: The InnoDB memory heap is disabled
2023-09-20 23:41:35 26472 [Note] InnoDB: Mutexes and rw_locks use Windows interlocked functions
2023-09-20 23:41:35 26472 [Note] InnoDB: Compressed tables use zlib 1.2.3
2023-09-20 23:41:35 26472 [Note] InnoDB: Not using CPU crc32 instructions
2023-09-20 23:41:35 26472 [Note] InnoDB: Initializing buffer pool, size = 128.0M
2023-09-20 23:41:35 26472 [Note] InnoDB: Completed initialization of buffer pool
2023-09-20 23:41:35 26472 [Note] InnoDB: Highest supported file format is Barracuda.
2023-09-20 23:41:35 26472 [Note] InnoDB: The log sequence numbers 1626134 and 1626134 in ibdata files do not match the log sequence number 3653851 in the ib_logfiles!
2023-09-20 23:41:35 26472 [Note] InnoDB: Database was not shutdown normally!
2023-09-20 23:41:35 26472 [Note] InnoDB: Starting crash recovery.
2023-09-20 23:41:35 26472 [Note] InnoDB: Reading tablespace information from the .ibd files...
2023-09-20 23:41:35 26472 [Note] InnoDB: Restoring possible half-written data pages 
2023-09-20 23:41:35 26472 [Note] InnoDB: from the doublewrite buffer...
2023-09-20 23:41:35 26472 [Note] InnoDB: 128 rollback segment(s) are active.
2023-09-20 23:41:35 26472 [Note] InnoDB: Waiting for purge to start
2023-09-20 23:41:35 26472 [Note] InnoDB: 5.6.13 started; log sequence number 3653851
2023-09-20 23:41:35 26472 [Note] Server hostname (bind-address): '*'; port: 3306
2023-09-20 23:41:35 26472 [Note] IPv6 is available.
2023-09-20 23:41:35 26472 [Note]   - '::' resolves to '::';
2023-09-20 23:41:35 26472 [Note] Server socket created on IP: '::'.
2023-09-20 23:51:40 27840 [Note] Plugin 'FEDERATED' is disabled.
2023-09-20 23:51:40 27840 [Note] InnoDB: The InnoDB memory heap is disabled
2023-09-20 23:51:40 27840 [Note] InnoDB: Mutexes and rw_locks use Windows interlocked functions
2023-09-20 23:51:40 27840 [Note] InnoDB: Compressed tables use zlib 1.2.3
2023-09-20 23:51:40 27840 [Note] InnoDB: Not using CPU crc32 instructions
2023-09-20 23:51:40 27840 [Note] InnoDB: Initializing buffer pool, size = 128.0M
2023-09-20 23:51:40 27840 [Note] InnoDB: Completed initialization of buffer pool
2023-09-20 23:51:40 27840 [Note] InnoDB: Highest supported file format is Barracuda.
2023-09-20 23:51:40 27840 [Note] InnoDB: The log sequence numbers 1626134 and 1626134 in ibdata files do not match the log sequence number 3653861 in the ib_logfiles!
2023-09-20 23:51:40 27840 [Note] InnoDB: Database was not shutdown normally!
2023-09-20 23:51:40 27840 [Note] InnoDB: Starting crash recovery.
2023-09-20 23:51:40 27840 [Note] InnoDB: Reading tablespace information from the .ibd files...
2023-09-20 23:51:40 27840 [Note] InnoDB: Restoring possible half-written data pages 
2023-09-20 23:51:40 27840 [Note] InnoDB: from the doublewrite buffer...
2023-09-20 23:51:40 27840 [Note] InnoDB: 128 rollback segment(s) are active.
2023-09-20 23:51:41 27840 [Note] InnoDB: Waiting for purge to start
2023-09-20 23:51:41 27840 [Note] InnoDB: 5.6.13 started; log sequence number 3653861
2023-09-20 23:51:41 27840 [Note] Server hostname (bind-address): '*'; port: 3306
2023-09-20 23:51:41 27840 [Note] IPv6 is available.
2023-09-20 23:51:41 27840 [Note]   - '::' resolves to '::';
2023-09-20 23:51:41 27840 [Note] Server socket created on IP: '::'.
2023-12-03 10:39:55 53796 [Note] Plugin 'FEDERATED' is disabled.
2023-12-03 10:39:55 53796 [Note] InnoDB: The InnoDB memory heap is disabled
2023-12-03 10:39:55 53796 [Note] InnoDB: Mutexes and rw_locks use Windows interlocked functions
2023-12-03 10:39:55 53796 [Note] InnoDB: Compressed tables use zlib 1.2.3
2023-12-03 10:39:55 53796 [Note] InnoDB: Not using CPU crc32 instructions
2023-12-03 10:39:55 53796 [Note] InnoDB: Initializing buffer pool, size = 128.0M
2023-12-03 10:39:55 53796 [Note] InnoDB: Completed initialization of buffer pool
2023-12-03 10:39:55 53796 [Note] InnoDB: Highest supported file format is Barracuda.
2023-12-03 10:39:55 53796 [Note] InnoDB: The log sequence numbers 1626134 and 1626134 in ibdata files do not match the log sequence number 3655750 in the ib_logfiles!
2023-12-03 10:39:55 53796 [Note] InnoDB: Database was not shutdown normally!
2023-12-03 10:39:55 53796 [Note] InnoDB: Starting crash recovery.
2023-12-03 10:39:55 53796 [Note] InnoDB: Reading tablespace information from the .ibd files...
2023-12-03 10:39:55 53796 [Note] InnoDB: Restoring possible half-written data pages 
2023-12-03 10:39:55 53796 [Note] InnoDB: from the doublewrite buffer...
2023-12-03 10:39:56 53796 [Note] InnoDB: 128 rollback segment(s) are active.
2023-12-03 10:39:56 53796 [Note] InnoDB: Waiting for purge to start
2023-12-03 10:39:56 53796 [Note] InnoDB: 5.6.13 started; log sequence number 3655750
2023-12-03 10:39:56 53796 [Note] Server hostname (bind-address): '*'; port: 3306
2023-12-03 10:39:56 53796 [Note] IPv6 is available.
2023-12-03 10:39:56 53796 [Note]   - '::' resolves to '::';
2023-12-03 10:39:56 53796 [Note] Server socket created on IP: '::'.
2023-12-03 10:39:56 53796 [Note] Event Scheduler: Loaded 0 events
2023-12-03 10:39:56 53796 [Note] C:\CursoNodeJS\Grupo5\grupo5\BaseDatos/mysql/bin/mysqld_usbwv8.exe: ready for connections.
Version: '5.6.13'  socket: ''  port: 3306  MySQL Community Server (GPL)
2023-12-03 11:02:54 5908 [Note] Plugin 'FEDERATED' is disabled.
2023-12-03 11:02:54 5908 [Note] InnoDB: The InnoDB memory heap is disabled
2023-12-03 11:02:54 5908 [Note] InnoDB: Mutexes and rw_locks use Windows interlocked functions
2023-12-03 11:02:54 5908 [Note] InnoDB: Compressed tables use zlib 1.2.3
2023-12-03 11:02:54 5908 [Note] InnoDB: Not using CPU crc32 instructions
2023-12-03 11:02:54 5908 [Note] InnoDB: Initializing buffer pool, size = 128.0M
2023-12-03 11:02:54 5908 [Note] InnoDB: Completed initialization of buffer pool
2023-12-03 11:02:54 5908 [Note] InnoDB: Highest supported file format is Barracuda.
2023-12-03 11:02:54 5908 [Note] InnoDB: The log sequence numbers 1626134 and 1626134 in ibdata files do not match the log sequence number 4109763 in the ib_logfiles!
2023-12-03 11:02:54 5908 [Note] InnoDB: Database was not shutdown normally!
2023-12-03 11:02:54 5908 [Note] InnoDB: Starting crash recovery.
2023-12-03 11:02:54 5908 [Note] InnoDB: Reading tablespace information from the .ibd files...
2023-12-03 11:02:54 5908 [Note] InnoDB: Restoring possible half-written data pages 
2023-12-03 11:02:54 5908 [Note] InnoDB: from the doublewrite buffer...
2023-12-03 11:02:54 5908 [Note] InnoDB: 128 rollback segment(s) are active.
2023-12-03 11:02:54 5908 [Note] InnoDB: Waiting for purge to start
2023-12-03 11:02:54 5908 [Note] InnoDB: 5.6.13 started; log sequence number 4109763
2023-12-03 11:02:54 5908 [Note] Server hostname (bind-address): '*'; port: 3306
2023-12-03 11:02:54 5908 [Note] IPv6 is available.
2023-12-03 11:02:54 5908 [Note]   - '::' resolves to '::';
2023-12-03 11:02:54 5908 [Note] Server socket created on IP: '::'.
2023-12-03 11:03:15 57100 [Note] Plugin 'FEDERATED' is disabled.
2023-12-03 11:03:15 57100 [Note] InnoDB: The InnoDB memory heap is disabled
2023-12-03 11:03:15 57100 [Note] InnoDB: Mutexes and rw_locks use Windows interlocked functions
2023-12-03 11:03:15 57100 [Note] InnoDB: Compressed tables use zlib 1.2.3
2023-12-03 11:03:15 57100 [Note] InnoDB: Not using CPU crc32 instructions
2023-12-03 11:03:15 57100 [Note] InnoDB: Initializing buffer pool, size = 128.0M
2023-12-03 11:03:15 57100 [Note] InnoDB: Completed initialization of buffer pool
2023-12-03 11:03:15 57100 [ERROR] InnoDB: C:\CursoNodeJS\Grupo5\grupo5-Actual\BaseDatos\mysql\data\ibdata1 can't be opened in read-write mode
2023-12-03 11:03:15 57100 [ERROR] InnoDB: The system tablespace must be writable!
2023-12-03 11:03:15 57100 [ERROR] Plugin 'InnoDB' init function returned error.
2023-12-03 11:03:15 57100 [ERROR] Plugin 'InnoDB' registration as a STORAGE ENGINE failed.
2023-12-03 11:03:15 57100 [ERROR] Unknown/unsupported storage engine: InnoDB
2023-12-03 11:03:15 57100 [ERROR] Aborting

2023-12-03 11:03:15 57100 [Note] Binlog end
2023-12-03 11:03:15 57100 [Note] Shutting down plugin 'partition'
2023-12-03 11:03:15 57100 [Note] Shutting down plugin 'PERFORMANCE_SCHEMA'
2023-12-03 11:03:15 57100 [Note] Shutting down plugin 'INNODB_SYS_DATAFILES'
2023-12-03 11:03:15 57100 [Note] Shutting down plugin 'INNODB_SYS_TABLESPACES'
2023-12-03 11:03:15 57100 [Note] Shutting down plugin 'INNODB_SYS_FOREIGN_COLS'
2023-12-03 11:03:15 57100 [Note] Shutting down plugin 'INNODB_SYS_FOREIGN'
2023-12-03 11:03:15 57100 [Note] Shutting down plugin 'INNODB_SYS_FIELDS'
2023-12-03 11:03:15 57100 [Note] Shutting down plugin 'INNODB_SYS_COLUMNS'
2023-12-03 11:03:15 57100 [Note] Shutting down plugin 'INNODB_SYS_INDEXES'
2023-12-03 11:03:15 57100 [Note] Shutting down plugin 'INNODB_SYS_TABLESTATS'
2023-12-03 11:03:15 57100 [Note] Shutting down plugin 'INNODB_SYS_TABLES'
2023-12-03 11:03:15 57100 [Note] Shutting down plugin 'INNODB_FT_INDEX_TABLE'
2023-12-03 11:03:15 57100 [Note] Shutting down plugin 'INNODB_FT_INDEX_CACHE'
2023-12-03 11:03:15 57100 [Note] Shutting down plugin 'INNODB_FT_CONFIG'
2023-12-03 11:03:15 57100 [Note] Shutting down plugin 'INNODB_FT_BEING_DELETED'
2023-12-03 11:03:15 57100 [Note] Shutting down plugin 'INNODB_FT_DELETED'
2023-12-03 11:03:15 57100 [Note] Shutting down plugin 'INNODB_FT_DEFAULT_STOPWORD'
2023-12-03 11:03:15 57100 [Note] Shutting down plugin 'INNODB_METRICS'
2023-12-03 11:03:15 57100 [Note] Shutting down plugin 'INNODB_BUFFER_POOL_STATS'
2023-12-03 11:03:15 57100 [Note] Shutting down plugin 'INNODB_BUFFER_PAGE_LRU'
2023-12-03 11:03:15 57100 [Note] Shutting down plugin 'INNODB_BUFFER_PAGE'
2023-12-03 11:03:15 57100 [Note] Shutting down plugin 'INNODB_CMP_PER_INDEX_RESET'
2023-12-03 11:03:15 57100 [Note] Shutting down plugin 'INNODB_CMP_PER_INDEX'
2023-12-03 11:03:15 57100 [Note] Shutting down plugin 'INNODB_CMPMEM_RESET'
2023-12-03 11:03:15 57100 [Note] Shutting down plugin 'INNODB_CMPMEM'
2023-12-03 11:03:15 57100 [Note] Shutting down plugin 'INNODB_CMP_RESET'
2023-12-03 11:03:15 57100 [Note] Shutting down plugin 'INNODB_CMP'
2023-12-03 11:03:15 57100 [Note] Shutting down plugin 'INNODB_LOCK_WAITS'
2023-12-03 11:03:15 57100 [Note] Shutting down plugin 'INNODB_LOCKS'
2023-12-03 11:03:15 57100 [Note] Shutting down plugin 'INNODB_TRX'
2023-12-03 11:03:15 57100 [Note] Shutting down plugin 'BLACKHOLE'
2023-12-03 11:03:15 57100 [Note] Shutting down plugin 'ARCHIVE'
2023-12-03 11:03:15 57100 [Note] Shutting down plugin 'MRG_MYISAM'
2023-12-03 11:03:15 57100 [Note] Shutting down plugin 'MyISAM'
2023-12-03 11:03:15 57100 [Note] Shutting down plugin 'MEMORY'
2023-12-03 11:03:15 57100 [Note] Shutting down plugin 'CSV'
2023-12-03 11:03:15 57100 [Note] Shutting down plugin 'sha256_password'
2023-12-03 11:03:15 57100 [Note] Shutting down plugin 'mysql_old_password'
2023-12-03 11:03:15 57100 [Note] Shutting down plugin 'mysql_native_password'
2023-12-03 11:03:15 57100 [Note] Shutting down plugin 'binlog'
2023-12-03 11:03:15 57100 [Note] C:\CursoNodeJS\Grupo5\grupo5-Actual\BaseDatos/mysql/bin/mysqld_usbwv8.exe: Shutdown complete

2023-12-03 16:47:14 55952 [Note] Plugin 'FEDERATED' is disabled.
2023-12-03 16:47:14 55952 [Note] InnoDB: The InnoDB memory heap is disabled
2023-12-03 16:47:14 55952 [Note] InnoDB: Mutexes and rw_locks use Windows interlocked functions
2023-12-03 16:47:14 55952 [Note] InnoDB: Compressed tables use zlib 1.2.3
2023-12-03 16:47:14 55952 [Note] InnoDB: Not using CPU crc32 instructions
2023-12-03 16:47:14 55952 [Note] InnoDB: Initializing buffer pool, size = 128.0M
2023-12-03 16:47:14 55952 [Note] InnoDB: Completed initialization of buffer pool
2023-12-03 16:47:14 55952 [Note] InnoDB: Highest supported file format is Barracuda.
2023-12-03 16:47:14 55952 [Note] InnoDB: The log sequence numbers 1626134 and 1626134 in ibdata files do not match the log sequence number 4114270 in the ib_logfiles!
2023-12-03 16:47:14 55952 [Note] InnoDB: Database was not shutdown normally!
2023-12-03 16:47:14 55952 [Note] InnoDB: Starting crash recovery.
2023-12-03 16:47:14 55952 [Note] InnoDB: Reading tablespace information from the .ibd files...
2023-12-03 16:47:14 55952 [Note] InnoDB: Restoring possible half-written data pages 
2023-12-03 16:47:14 55952 [Note] InnoDB: from the doublewrite buffer...
2023-12-03 16:47:15 55952 [Note] InnoDB: 128 rollback segment(s) are active.
2023-12-03 16:47:15 55952 [Note] InnoDB: Waiting for purge to start
2023-12-03 16:47:15 55952 [Note] InnoDB: 5.6.13 started; log sequence number 4114270
2023-12-03 16:47:15 55952 [Note] Server hostname (bind-address): '*'; port: 3306
2023-12-03 16:47:15 55952 [Note] IPv6 is available.
2023-12-03 16:47:15 55952 [Note]   - '::' resolves to '::';
2023-12-03 16:47:15 55952 [Note] Server socket created on IP: '::'.
2023-12-04 21:28:57 38008 [Note] Plugin 'FEDERATED' is disabled.
2023-12-04 21:28:57 38008 [Note] InnoDB: The InnoDB memory heap is disabled
2023-12-04 21:28:57 38008 [Note] InnoDB: Mutexes and rw_locks use Windows interlocked functions
2023-12-04 21:28:57 38008 [Note] InnoDB: Compressed tables use zlib 1.2.3
2023-12-04 21:28:57 38008 [Note] InnoDB: Not using CPU crc32 instructions
2023-12-04 21:28:57 38008 [Note] InnoDB: Initializing buffer pool, size = 128.0M
2023-12-04 21:28:57 38008 [Note] InnoDB: Completed initialization of buffer pool
2023-12-04 21:28:57 38008 [ERROR] InnoDB: C:\CursoNodeJS\Grupo5\grupo5-Actual\BaseDatos\mysql\data\ibdata1 can't be opened in read-write mode
2023-12-04 21:28:57 38008 [ERROR] InnoDB: The system tablespace must be writable!
2023-12-04 21:28:57 38008 [ERROR] Plugin 'InnoDB' init function returned error.
2023-12-04 21:28:57 38008 [ERROR] Plugin 'InnoDB' registration as a STORAGE ENGINE failed.
2023-12-04 21:28:57 38008 [ERROR] Unknown/unsupported storage engine: InnoDB
2023-12-04 21:28:57 38008 [ERROR] Aborting

2023-12-04 21:28:57 38008 [Note] Binlog end
2023-12-04 21:28:57 38008 [Note] Shutting down plugin 'partition'
2023-12-04 21:28:57 38008 [Note] Shutting down plugin 'PERFORMANCE_SCHEMA'
2023-12-04 21:28:57 38008 [Note] Shutting down plugin 'INNODB_SYS_DATAFILES'
2023-12-04 21:28:57 38008 [Note] Shutting down plugin 'INNODB_SYS_TABLESPACES'
2023-12-04 21:28:57 38008 [Note] Shutting down plugin 'INNODB_SYS_FOREIGN_COLS'
2023-12-04 21:28:57 38008 [Note] Shutting down plugin 'INNODB_SYS_FOREIGN'
2023-12-04 21:28:57 38008 [Note] Shutting down plugin 'INNODB_SYS_FIELDS'
2023-12-04 21:28:57 38008 [Note] Shutting down plugin 'INNODB_SYS_COLUMNS'
2023-12-04 21:28:57 38008 [Note] Shutting down plugin 'INNODB_SYS_INDEXES'
2023-12-04 21:28:57 38008 [Note] Shutting down plugin 'INNODB_SYS_TABLESTATS'
2023-12-04 21:28:57 38008 [Note] Shutting down plugin 'INNODB_SYS_TABLES'
2023-12-04 21:28:57 38008 [Note] Shutting down plugin 'INNODB_FT_INDEX_TABLE'
2023-12-04 21:28:57 38008 [Note] Shutting down plugin 'INNODB_FT_INDEX_CACHE'
2023-12-04 21:28:57 38008 [Note] Shutting down plugin 'INNODB_FT_CONFIG'
2023-12-04 21:28:57 38008 [Note] Shutting down plugin 'INNODB_FT_BEING_DELETED'
2023-12-04 21:28:57 38008 [Note] Shutting down plugin 'INNODB_FT_DELETED'
2023-12-04 21:28:57 38008 [Note] Shutting down plugin 'INNODB_FT_DEFAULT_STOPWORD'
2023-12-04 21:28:57 38008 [Note] Shutting down plugin 'INNODB_METRICS'
2023-12-04 21:28:57 38008 [Note] Shutting down plugin 'INNODB_BUFFER_POOL_STATS'
2023-12-04 21:28:57 38008 [Note] Shutting down plugin 'INNODB_BUFFER_PAGE_LRU'
2023-12-04 21:28:57 38008 [Note] Shutting down plugin 'INNODB_BUFFER_PAGE'
2023-12-04 21:28:57 38008 [Note] Shutting down plugin 'INNODB_CMP_PER_INDEX_RESET'
2023-12-04 21:28:57 38008 [Note] Shutting down plugin 'INNODB_CMP_PER_INDEX'
2023-12-04 21:28:57 38008 [Note] Shutting down plugin 'INNODB_CMPMEM_RESET'
2023-12-04 21:28:57 38008 [Note] Shutting down plugin 'INNODB_CMPMEM'
2023-12-04 21:28:57 38008 [Note] Shutting down plugin 'INNODB_CMP_RESET'
2023-12-04 21:28:57 38008 [Note] Shutting down plugin 'INNODB_CMP'
2023-12-04 21:28:57 38008 [Note] Shutting down plugin 'INNODB_LOCK_WAITS'
2023-12-04 21:28:57 38008 [Note] Shutting down plugin 'INNODB_LOCKS'
2023-12-04 21:28:57 38008 [Note] Shutting down plugin 'INNODB_TRX'
2023-12-04 21:28:57 38008 [Note] Shutting down plugin 'BLACKHOLE'
2023-12-04 21:28:57 38008 [Note] Shutting down plugin 'ARCHIVE'
2023-12-04 21:28:57 38008 [Note] Shutting down plugin 'MRG_MYISAM'
2023-12-04 21:28:57 38008 [Note] Shutting down plugin 'MyISAM'
2023-12-04 21:28:57 38008 [Note] Shutting down plugin 'MEMORY'
2023-12-04 21:28:57 38008 [Note] Shutting down plugin 'CSV'
2023-12-04 21:28:57 38008 [Note] Shutting down plugin 'sha256_password'
2023-12-04 21:28:57 38008 [Note] Shutting down plugin 'mysql_old_password'
2023-12-04 21:28:57 38008 [Note] Shutting down plugin 'mysql_native_password'
2023-12-04 21:28:57 38008 [Note] Shutting down plugin 'binlog'
2023-12-04 21:28:57 38008 [Note] C:\CursoNodeJS\Grupo5\grupo5-Actual\BaseDatos/mysql/bin/mysqld_usbwv8.exe: Shutdown complete

2023-12-05 23:20:03 18772 [Note] Plugin 'FEDERATED' is disabled.
2023-12-05 23:20:03 18772 [Note] InnoDB: The InnoDB memory heap is disabled
2023-12-05 23:20:03 18772 [Note] InnoDB: Mutexes and rw_locks use Windows interlocked functions
2023-12-05 23:20:03 18772 [Note] InnoDB: Compressed tables use zlib 1.2.3
2023-12-05 23:20:03 18772 [Note] InnoDB: Not using CPU crc32 instructions
2023-12-05 23:20:03 18772 [Note] InnoDB: Initializing buffer pool, size = 128.0M
2023-12-05 23:20:03 18772 [Note] InnoDB: Completed initialization of buffer pool
2023-12-05 23:20:03 18772 [ERROR] InnoDB: C:\CursoNodeJS\Grupo5\grupo5-Actual\BaseDatos\mysql\data\ibdata1 can't be opened in read-write mode
2023-12-05 23:20:03 18772 [ERROR] InnoDB: The system tablespace must be writable!
2023-12-05 23:20:03 18772 [ERROR] Plugin 'InnoDB' init function returned error.
2023-12-05 23:20:03 18772 [ERROR] Plugin 'InnoDB' registration as a STORAGE ENGINE failed.
2023-12-05 23:20:03 18772 [ERROR] Unknown/unsupported storage engine: InnoDB
2023-12-05 23:20:03 18772 [ERROR] Aborting

2023-12-05 23:20:03 18772 [Note] Binlog end
2023-12-05 23:20:03 18772 [Note] Shutting down plugin 'partition'
2023-12-05 23:20:03 18772 [Note] Shutting down plugin 'PERFORMANCE_SCHEMA'
2023-12-05 23:20:03 18772 [Note] Shutting down plugin 'INNODB_SYS_DATAFILES'
2023-12-05 23:20:03 18772 [Note] Shutting down plugin 'INNODB_SYS_TABLESPACES'
2023-12-05 23:20:03 18772 [Note] Shutting down plugin 'INNODB_SYS_FOREIGN_COLS'
2023-12-05 23:20:03 18772 [Note] Shutting down plugin 'INNODB_SYS_FOREIGN'
2023-12-05 23:20:03 18772 [Note] Shutting down plugin 'INNODB_SYS_FIELDS'
2023-12-05 23:20:03 18772 [Note] Shutting down plugin 'INNODB_SYS_COLUMNS'
2023-12-05 23:20:03 18772 [Note] Shutting down plugin 'INNODB_SYS_INDEXES'
2023-12-05 23:20:03 18772 [Note] Shutting down plugin 'INNODB_SYS_TABLESTATS'
2023-12-05 23:20:03 18772 [Note] Shutting down plugin 'INNODB_SYS_TABLES'
2023-12-05 23:20:03 18772 [Note] Shutting down plugin 'INNODB_FT_INDEX_TABLE'
2023-12-05 23:20:03 18772 [Note] Shutting down plugin 'INNODB_FT_INDEX_CACHE'
2023-12-05 23:20:03 18772 [Note] Shutting down plugin 'INNODB_FT_CONFIG'
2023-12-05 23:20:03 18772 [Note] Shutting down plugin 'INNODB_FT_BEING_DELETED'
2023-12-05 23:20:03 18772 [Note] Shutting down plugin 'INNODB_FT_DELETED'
2023-12-05 23:20:03 18772 [Note] Shutting down plugin 'INNODB_FT_DEFAULT_STOPWORD'
2023-12-05 23:20:03 18772 [Note] Shutting down plugin 'INNODB_METRICS'
2023-12-05 23:20:03 18772 [Note] Shutting down plugin 'INNODB_BUFFER_POOL_STATS'
2023-12-05 23:20:03 18772 [Note] Shutting down plugin 'INNODB_BUFFER_PAGE_LRU'
2023-12-05 23:20:03 18772 [Note] Shutting down plugin 'INNODB_BUFFER_PAGE'
2023-12-05 23:20:03 18772 [Note] Shutting down plugin 'INNODB_CMP_PER_INDEX_RESET'
2023-12-05 23:20:03 18772 [Note] Shutting down plugin 'INNODB_CMP_PER_INDEX'
2023-12-05 23:20:03 18772 [Note] Shutting down plugin 'INNODB_CMPMEM_RESET'
2023-12-05 23:20:03 18772 [Note] Shutting down plugin 'INNODB_CMPMEM'
2023-12-05 23:20:03 18772 [Note] Shutting down plugin 'INNODB_CMP_RESET'
2023-12-05 23:20:03 18772 [Note] Shutting down plugin 'INNODB_CMP'
2023-12-05 23:20:03 18772 [Note] Shutting down plugin 'INNODB_LOCK_WAITS'
2023-12-05 23:20:03 18772 [Note] Shutting down plugin 'INNODB_LOCKS'
2023-12-05 23:20:03 18772 [Note] Shutting down plugin 'INNODB_TRX'
2023-12-05 23:20:04 18772 [Note] Shutting down plugin 'BLACKHOLE'
2023-12-05 23:20:04 18772 [Note] Shutting down plugin 'ARCHIVE'
2023-12-05 23:20:04 18772 [Note] Shutting down plugin 'MRG_MYISAM'
2023-12-05 23:20:04 18772 [Note] Shutting down plugin 'MyISAM'
2023-12-05 23:20:04 18772 [Note] Shutting down plugin 'MEMORY'
2023-12-05 23:20:04 18772 [Note] Shutting down plugin 'CSV'
2023-12-05 23:20:04 18772 [Note] Shutting down plugin 'sha256_password'
2023-12-05 23:20:04 18772 [Note] Shutting down plugin 'mysql_old_password'
2023-12-05 23:20:04 18772 [Note] Shutting down plugin 'mysql_native_password'
2023-12-05 23:20:04 18772 [Note] Shutting down plugin 'binlog'
2023-12-05 23:20:04 18772 [Note] C:\CursoNodeJS\Grupo5\grupo5-Actual\BaseDatos/mysql/bin/mysqld_usbwv8.exe: Shutdown complete

2023-12-07 20:42:42 69884 [Note] Plugin 'FEDERATED' is disabled.
2023-12-07 20:42:42 69884 [Note] InnoDB: The InnoDB memory heap is disabled
2023-12-07 20:42:42 69884 [Note] InnoDB: Mutexes and rw_locks use Windows interlocked functions
2023-12-07 20:42:42 69884 [Note] InnoDB: Compressed tables use zlib 1.2.3
2023-12-07 20:42:42 69884 [Note] InnoDB: Not using CPU crc32 instructions
2023-12-07 20:42:42 69884 [Note] InnoDB: Initializing buffer pool, size = 128.0M
2023-12-07 20:42:42 69884 [Note] InnoDB: Completed initialization of buffer pool
2023-12-07 20:42:42 69884 [ERROR] InnoDB: C:\CursoNodeJS\Grupo5\grupo5-Actual\BaseDatos\mysql\data\ibdata1 can't be opened in read-write mode
2023-12-07 20:42:42 69884 [ERROR] InnoDB: The system tablespace must be writable!
2023-12-07 20:42:42 69884 [ERROR] Plugin 'InnoDB' init function returned error.
2023-12-07 20:42:42 69884 [ERROR] Plugin 'InnoDB' registration as a STORAGE ENGINE failed.
2023-12-07 20:42:42 69884 [ERROR] Unknown/unsupported storage engine: InnoDB
2023-12-07 20:42:42 69884 [ERROR] Aborting

2023-12-07 20:42:42 69884 [Note] Binlog end
2023-12-07 20:42:42 69884 [Note] Shutting down plugin 'partition'
2023-12-07 20:42:42 69884 [Note] Shutting down plugin 'PERFORMANCE_SCHEMA'
2023-12-07 20:42:42 69884 [Note] Shutting down plugin 'INNODB_SYS_DATAFILES'
2023-12-07 20:42:42 69884 [Note] Shutting down plugin 'INNODB_SYS_TABLESPACES'
2023-12-07 20:42:42 69884 [Note] Shutting down plugin 'INNODB_SYS_FOREIGN_COLS'
2023-12-07 20:42:42 69884 [Note] Shutting down plugin 'INNODB_SYS_FOREIGN'
2023-12-07 20:42:42 69884 [Note] Shutting down plugin 'INNODB_SYS_FIELDS'
2023-12-07 20:42:42 69884 [Note] Shutting down plugin 'INNODB_SYS_COLUMNS'
2023-12-07 20:42:42 69884 [Note] Shutting down plugin 'INNODB_SYS_INDEXES'
2023-12-07 20:42:42 69884 [Note] Shutting down plugin 'INNODB_SYS_TABLESTATS'
2023-12-07 20:42:42 69884 [Note] Shutting down plugin 'INNODB_SYS_TABLES'
2023-12-07 20:42:42 69884 [Note] Shutting down plugin 'INNODB_FT_INDEX_TABLE'
2023-12-07 20:42:42 69884 [Note] Shutting down plugin 'INNODB_FT_INDEX_CACHE'
2023-12-07 20:42:42 69884 [Note] Shutting down plugin 'INNODB_FT_CONFIG'
2023-12-07 20:42:42 69884 [Note] Shutting down plugin 'INNODB_FT_BEING_DELETED'
2023-12-07 20:42:42 69884 [Note] Shutting down plugin 'INNODB_FT_DELETED'
2023-12-07 20:42:42 69884 [Note] Shutting down plugin 'INNODB_FT_DEFAULT_STOPWORD'
2023-12-07 20:42:42 69884 [Note] Shutting down plugin 'INNODB_METRICS'
2023-12-07 20:42:42 69884 [Note] Shutting down plugin 'INNODB_BUFFER_POOL_STATS'
2023-12-07 20:42:42 69884 [Note] Shutting down plugin 'INNODB_BUFFER_PAGE_LRU'
2023-12-07 20:42:42 69884 [Note] Shutting down plugin 'INNODB_BUFFER_PAGE'
2023-12-07 20:42:42 69884 [Note] Shutting down plugin 'INNODB_CMP_PER_INDEX_RESET'
2023-12-07 20:42:42 69884 [Note] Shutting down plugin 'INNODB_CMP_PER_INDEX'
2023-12-07 20:42:42 69884 [Note] Shutting down plugin 'INNODB_CMPMEM_RESET'
2023-12-07 20:42:42 69884 [Note] Shutting down plugin 'INNODB_CMPMEM'
2023-12-07 20:42:42 69884 [Note] Shutting down plugin 'INNODB_CMP_RESET'
2023-12-07 20:42:42 69884 [Note] Shutting down plugin 'INNODB_CMP'
2023-12-07 20:42:42 69884 [Note] Shutting down plugin 'INNODB_LOCK_WAITS'
2023-12-07 20:42:42 69884 [Note] Shutting down plugin 'INNODB_LOCKS'
2023-12-07 20:42:42 69884 [Note] Shutting down plugin 'INNODB_TRX'
2023-12-07 20:42:42 69884 [Note] Shutting down plugin 'BLACKHOLE'
2023-12-07 20:42:42 69884 [Note] Shutting down plugin 'ARCHIVE'
2023-12-07 20:42:42 69884 [Note] Shutting down plugin 'MRG_MYISAM'
2023-12-07 20:42:42 69884 [Note] Shutting down plugin 'MyISAM'
2023-12-07 20:42:42 69884 [Note] Shutting down plugin 'MEMORY'
2023-12-07 20:42:42 69884 [Note] Shutting down plugin 'CSV'
2023-12-07 20:42:43 69884 [Note] Shutting down plugin 'sha256_password'
2023-12-07 20:42:43 69884 [Note] Shutting down plugin 'mysql_old_password'
2023-12-07 20:42:43 69884 [Note] Shutting down plugin 'mysql_native_password'
2023-12-07 20:42:43 69884 [Note] Shutting down plugin 'binlog'
2023-12-07 20:42:43 69884 [Note] C:\CursoNodeJS\Grupo5\grupo5-Actual\BaseDatos/mysql/bin/mysqld_usbwv8.exe: Shutdown complete

2023-12-08 00:58:03 68088 [Note] Plugin 'FEDERATED' is disabled.
2023-12-08 00:58:03 68088 [Note] InnoDB: The InnoDB memory heap is disabled
2023-12-08 00:58:03 68088 [Note] InnoDB: Mutexes and rw_locks use Windows interlocked functions
2023-12-08 00:58:03 68088 [Note] InnoDB: Compressed tables use zlib 1.2.3
2023-12-08 00:58:03 68088 [Note] InnoDB: Not using CPU crc32 instructions
2023-12-08 00:58:03 68088 [Note] InnoDB: Initializing buffer pool, size = 128.0M
2023-12-08 00:58:03 68088 [Note] InnoDB: Completed initialization of buffer pool
2023-12-08 00:58:03 68088 [Note] InnoDB: Highest supported file format is Barracuda.
2023-12-08 00:58:03 68088 [Note] InnoDB: The log sequence numbers 1626134 and 1626134 in ibdata files do not match the log sequence number 4114280 in the ib_logfiles!
2023-12-08 00:58:03 68088 [Note] InnoDB: Database was not shutdown normally!
2023-12-08 00:58:03 68088 [Note] InnoDB: Starting crash recovery.
2023-12-08 00:58:03 68088 [Note] InnoDB: Reading tablespace information from the .ibd files...
2023-12-08 00:58:03 68088 [Note] InnoDB: Restoring possible half-written data pages 
2023-12-08 00:58:03 68088 [Note] InnoDB: from the doublewrite buffer...
2023-12-08 00:58:03 68088 [Note] InnoDB: 128 rollback segment(s) are active.
2023-12-08 00:58:03 68088 [Note] InnoDB: Waiting for purge to start
2023-12-08 00:58:04 68088 [Note] InnoDB: 5.6.13 started; log sequence number 4114280
2023-12-08 00:58:04 68088 [Note] Server hostname (bind-address): '*'; port: 3306
2023-12-08 00:58:04 68088 [Note] IPv6 is available.
2023-12-08 00:58:04 68088 [Note]   - '::' resolves to '::';
2023-12-08 00:58:04 68088 [Note] Server socket created on IP: '::'.
2023-12-08 00:58:06 68088 [Note] Event Scheduler: Loaded 0 events
2023-12-08 00:58:06 68088 [Note] C:\CursoNodeJS\Grupo5\grupo5-Actual\BaseDatos/mysql/bin/mysqld_usbwv8.exe: ready for connections.
Version: '5.6.13'  socket: ''  port: 3306  MySQL Community Server (GPL)
2023-12-08 16:06:04 22632 [Note] Plugin 'FEDERATED' is disabled.
2023-12-08 16:06:04 22632 [Note] InnoDB: The InnoDB memory heap is disabled
2023-12-08 16:06:04 22632 [Note] InnoDB: Mutexes and rw_locks use Windows interlocked functions
2023-12-08 16:06:04 22632 [Note] InnoDB: Compressed tables use zlib 1.2.3
2023-12-08 16:06:04 22632 [Note] InnoDB: Not using CPU crc32 instructions
2023-12-08 16:06:04 22632 [Note] InnoDB: Initializing buffer pool, size = 128.0M
2023-12-08 16:06:04 22632 [Note] InnoDB: Completed initialization of buffer pool
2023-12-08 16:06:04 22632 [Note] InnoDB: Highest supported file format is Barracuda.
2023-12-08 16:06:04 22632 [Note] InnoDB: The log sequence numbers 1626134 and 1626134 in ibdata files do not match the log sequence number 4114290 in the ib_logfiles!
2023-12-08 16:06:04 22632 [Note] InnoDB: Database was not shutdown normally!
2023-12-08 16:06:04 22632 [Note] InnoDB: Starting crash recovery.
2023-12-08 16:06:04 22632 [Note] InnoDB: Reading tablespace information from the .ibd files...
2023-12-08 16:06:04 22632 [Note] InnoDB: Restoring possible half-written data pages 
2023-12-08 16:06:04 22632 [Note] InnoDB: from the doublewrite buffer...
2023-12-08 16:06:05 22632 [Note] InnoDB: 128 rollback segment(s) are active.
2023-12-08 16:06:05 22632 [Note] InnoDB: Waiting for purge to start
2023-12-08 16:06:05 22632 [Note] InnoDB: 5.6.13 started; log sequence number 4114290
2023-12-08 16:06:05 22632 [Note] Server hostname (bind-address): '*'; port: 3306
2023-12-08 16:06:05 22632 [Note] IPv6 is available.
2023-12-08 16:06:05 22632 [Note]   - '::' resolves to '::';
2023-12-08 16:06:05 22632 [Note] Server socket created on IP: '::'.
2023-12-08 16:06:06 22632 [Note] Event Scheduler: Loaded 0 events
2023-12-08 16:06:07 22632 [Note] C:\CursoNodeJS\Grupo5\grupo5-Actual\BaseDatos/mysql/bin/mysqld_usbwv8.exe: ready for connections.
Version: '5.6.13'  socket: ''  port: 3306  MySQL Community Server (GPL)
2023-12-08 21:21:25 63696 [Note] Plugin 'FEDERATED' is disabled.
2023-12-08 21:21:25 63696 [Note] InnoDB: The InnoDB memory heap is disabled
2023-12-08 21:21:25 63696 [Note] InnoDB: Mutexes and rw_locks use Windows interlocked functions
2023-12-08 21:21:25 63696 [Note] InnoDB: Compressed tables use zlib 1.2.3
2023-12-08 21:21:25 63696 [Note] InnoDB: Not using CPU crc32 instructions
2023-12-08 21:21:25 63696 [Note] InnoDB: Initializing buffer pool, size = 128.0M
2023-12-08 21:21:25 63696 [Note] InnoDB: Completed initialization of buffer pool
2023-12-08 21:21:25 63696 [Note] InnoDB: Highest supported file format is Barracuda.
2023-12-08 21:21:25 63696 [Note] InnoDB: The log sequence numbers 1626134 and 1626134 in ibdata files do not match the log sequence number 4121832 in the ib_logfiles!
2023-12-08 21:21:25 63696 [Note] InnoDB: Database was not shutdown normally!
2023-12-08 21:21:25 63696 [Note] InnoDB: Starting crash recovery.
2023-12-08 21:21:25 63696 [Note] InnoDB: Reading tablespace information from the .ibd files...
2023-12-08 21:21:26 63696 [Note] InnoDB: Restoring possible half-written data pages 
2023-12-08 21:21:26 63696 [Note] InnoDB: from the doublewrite buffer...
2023-12-08 21:21:26 63696 [Note] InnoDB: 128 rollback segment(s) are active.
2023-12-08 21:21:26 63696 [Note] InnoDB: Waiting for purge to start
2023-12-08 21:21:26 63696 [Note] InnoDB: 5.6.13 started; log sequence number 4121832
2023-12-08 21:21:26 63696 [Note] Server hostname (bind-address): '*'; port: 3306
2023-12-08 21:21:26 63696 [Note] IPv6 is available.
2023-12-08 21:21:26 63696 [Note]   - '::' resolves to '::';
2023-12-08 21:21:26 63696 [Note] Server socket created on IP: '::'.
2023-12-11 23:01:40 65692 [Note] Plugin 'FEDERATED' is disabled.
2023-12-11 23:01:40 65692 [Note] InnoDB: The InnoDB memory heap is disabled
2023-12-11 23:01:40 65692 [Note] InnoDB: Mutexes and rw_locks use Windows interlocked functions
2023-12-11 23:01:40 65692 [Note] InnoDB: Compressed tables use zlib 1.2.3
2023-12-11 23:01:40 65692 [Note] InnoDB: Not using CPU crc32 instructions
2023-12-11 23:01:40 65692 [Note] InnoDB: Initializing buffer pool, size = 128.0M
2023-12-11 23:01:40 65692 [Note] InnoDB: Completed initialization of buffer pool
2023-12-11 23:01:40 65692 [ERROR] InnoDB: C:\CursoNodeJS\Grupo5\grupo5-Actual\BaseDatos\mysql\data\ibdata1 can't be opened in read-write mode
2023-12-11 23:01:40 65692 [ERROR] InnoDB: The system tablespace must be writable!
2023-12-11 23:01:40 65692 [ERROR] Plugin 'InnoDB' init function returned error.
2023-12-11 23:01:40 65692 [ERROR] Plugin 'InnoDB' registration as a STORAGE ENGINE failed.
2023-12-11 23:01:40 65692 [ERROR] Unknown/unsupported storage engine: InnoDB
2023-12-11 23:01:40 65692 [ERROR] Aborting

2023-12-11 23:01:40 65692 [Note] Binlog end
2023-12-11 23:01:40 65692 [Note] Shutting down plugin 'partition'
2023-12-11 23:01:40 65692 [Note] Shutting down plugin 'PERFORMANCE_SCHEMA'
2023-12-11 23:01:40 65692 [Note] Shutting down plugin 'INNODB_SYS_DATAFILES'
2023-12-11 23:01:40 65692 [Note] Shutting down plugin 'INNODB_SYS_TABLESPACES'
2023-12-11 23:01:40 65692 [Note] Shutting down plugin 'INNODB_SYS_FOREIGN_COLS'
2023-12-11 23:01:40 65692 [Note] Shutting down plugin 'INNODB_SYS_FOREIGN'
2023-12-11 23:01:40 65692 [Note] Shutting down plugin 'INNODB_SYS_FIELDS'
2023-12-11 23:01:40 65692 [Note] Shutting down plugin 'INNODB_SYS_COLUMNS'
2023-12-11 23:01:40 65692 [Note] Shutting down plugin 'INNODB_SYS_INDEXES'
2023-12-11 23:01:40 65692 [Note] Shutting down plugin 'INNODB_SYS_TABLESTATS'
2023-12-11 23:01:40 65692 [Note] Shutting down plugin 'INNODB_SYS_TABLES'
2023-12-11 23:01:40 65692 [Note] Shutting down plugin 'INNODB_FT_INDEX_TABLE'
2023-12-11 23:01:40 65692 [Note] Shutting down plugin 'INNODB_FT_INDEX_CACHE'
2023-12-11 23:01:40 65692 [Note] Shutting down plugin 'INNODB_FT_CONFIG'
2023-12-11 23:01:40 65692 [Note] Shutting down plugin 'INNODB_FT_BEING_DELETED'
2023-12-11 23:01:40 65692 [Note] Shutting down plugin 'INNODB_FT_DELETED'
2023-12-11 23:01:40 65692 [Note] Shutting down plugin 'INNODB_FT_DEFAULT_STOPWORD'
2023-12-11 23:01:40 65692 [Note] Shutting down plugin 'INNODB_METRICS'
2023-12-11 23:01:40 65692 [Note] Shutting down plugin 'INNODB_BUFFER_POOL_STATS'
2023-12-11 23:01:40 65692 [Note] Shutting down plugin 'INNODB_BUFFER_PAGE_LRU'
2023-12-11 23:01:40 65692 [Note] Shutting down plugin 'INNODB_BUFFER_PAGE'
2023-12-11 23:01:40 65692 [Note] Shutting down plugin 'INNODB_CMP_PER_INDEX_RESET'
2023-12-11 23:01:40 65692 [Note] Shutting down plugin 'INNODB_CMP_PER_INDEX'
2023-12-11 23:01:40 65692 [Note] Shutting down plugin 'INNODB_CMPMEM_RESET'
2023-12-11 23:01:40 65692 [Note] Shutting down plugin 'INNODB_CMPMEM'
2023-12-11 23:01:40 65692 [Note] Shutting down plugin 'INNODB_CMP_RESET'
2023-12-11 23:01:40 65692 [Note] Shutting down plugin 'INNODB_CMP'
2023-12-11 23:01:40 65692 [Note] Shutting down plugin 'INNODB_LOCK_WAITS'
2023-12-11 23:01:40 65692 [Note] Shutting down plugin 'INNODB_LOCKS'
2023-12-11 23:01:40 65692 [Note] Shutting down plugin 'INNODB_TRX'
2023-12-11 23:01:40 65692 [Note] Shutting down plugin 'BLACKHOLE'
2023-12-11 23:01:41 65692 [Note] Shutting down plugin 'ARCHIVE'
2023-12-11 23:01:41 65692 [Note] Shutting down plugin 'MRG_MYISAM'
2023-12-11 23:01:41 65692 [Note] Shutting down plugin 'MyISAM'
2023-12-11 23:01:41 65692 [Note] Shutting down plugin 'MEMORY'
2023-12-11 23:01:41 65692 [Note] Shutting down plugin 'CSV'
2023-12-11 23:01:41 65692 [Note] Shutting down plugin 'sha256_password'
2023-12-11 23:01:41 65692 [Note] Shutting down plugin 'mysql_old_password'
2023-12-11 23:01:41 65692 [Note] Shutting down plugin 'mysql_native_password'
2023-12-11 23:01:41 65692 [Note] Shutting down plugin 'binlog'
2023-12-11 23:01:41 65692 [Note] C:\CursoNodeJS\Grupo5\grupo5-Actual\BaseDatos/mysql/bin/mysqld_usbwv8.exe: Shutdown complete

2023-12-11 23:12:29 69660 [Note] Plugin 'FEDERATED' is disabled.
2023-12-11 23:12:29 69660 [Note] InnoDB: The InnoDB memory heap is disabled
2023-12-11 23:12:29 69660 [Note] InnoDB: Mutexes and rw_locks use Windows interlocked functions
2023-12-11 23:12:29 69660 [Note] InnoDB: Compressed tables use zlib 1.2.3
2023-12-11 23:12:29 69660 [Note] InnoDB: Not using CPU crc32 instructions
2023-12-11 23:12:29 69660 [Note] InnoDB: Initializing buffer pool, size = 128.0M
2023-12-11 23:12:29 69660 [Note] InnoDB: Completed initialization of buffer pool
2023-12-11 23:12:29 69660 [Note] InnoDB: Highest supported file format is Barracuda.
2023-12-11 23:12:29 69660 [Note] InnoDB: The log sequence numbers 1626134 and 1626134 in ibdata files do not match the log sequence number 4153403 in the ib_logfiles!
2023-12-11 23:12:29 69660 [Note] InnoDB: Database was not shutdown normally!
2023-12-11 23:12:29 69660 [Note] InnoDB: Starting crash recovery.
2023-12-11 23:12:29 69660 [Note] InnoDB: Reading tablespace information from the .ibd files...
2023-12-11 23:12:29 69660 [Note] InnoDB: Restoring possible half-written data pages 
2023-12-11 23:12:29 69660 [Note] InnoDB: from the doublewrite buffer...
2023-12-11 23:12:30 69660 [Note] InnoDB: 128 rollback segment(s) are active.
2023-12-11 23:12:30 69660 [Note] InnoDB: Waiting for purge to start
2023-12-11 23:12:30 69660 [Note] InnoDB: 5.6.13 started; log sequence number 4153403
2023-12-11 23:12:30 69660 [Note] Server hostname (bind-address): '*'; port: 3306
2023-12-11 23:12:30 69660 [Note] IPv6 is available.
2023-12-11 23:12:30 69660 [Note]   - '::' resolves to '::';
2023-12-11 23:12:30 69660 [Note] Server socket created on IP: '::'.
2023-12-11 23:12:31 69660 [Note] Event Scheduler: Loaded 0 events
2023-12-11 23:12:31 69660 [Note] C:\CursoNodeJS\Grupo5\grupo5-Actual\BaseDatos/mysql/bin/mysqld_usbwv8.exe: ready for connections.
Version: '5.6.13'  socket: ''  port: 3306  MySQL Community Server (GPL)
2023-12-14 20:08:28 6604 [Note] Plugin 'FEDERATED' is disabled.
2023-12-14 20:08:28 6604 [Note] InnoDB: The InnoDB memory heap is disabled
2023-12-14 20:08:28 6604 [Note] InnoDB: Mutexes and rw_locks use Windows interlocked functions
2023-12-14 20:08:28 6604 [Note] InnoDB: Compressed tables use zlib 1.2.3
2023-12-14 20:08:28 6604 [Note] InnoDB: Not using CPU crc32 instructions
2023-12-14 20:08:28 6604 [Note] InnoDB: Initializing buffer pool, size = 128.0M
2023-12-14 20:08:28 6604 [Note] InnoDB: Completed initialization of buffer pool
2023-12-14 20:08:28 6604 [Note] InnoDB: Highest supported file format is Barracuda.
2023-12-14 20:08:28 6604 [Note] InnoDB: The log sequence numbers 1626134 and 1626134 in ibdata files do not match the log sequence number 4153771 in the ib_logfiles!
2023-12-14 20:08:28 6604 [Note] InnoDB: Database was not shutdown normally!
2023-12-14 20:08:28 6604 [Note] InnoDB: Starting crash recovery.
2023-12-14 20:08:28 6604 [Note] InnoDB: Reading tablespace information from the .ibd files...
2023-12-14 20:08:28 6604 [Note] InnoDB: Restoring possible half-written data pages 
2023-12-14 20:08:28 6604 [Note] InnoDB: from the doublewrite buffer...
2023-12-14 20:08:28 6604 [Note] InnoDB: 128 rollback segment(s) are active.
2023-12-14 20:08:28 6604 [Note] InnoDB: Waiting for purge to start
2023-12-14 20:08:28 6604 [Note] InnoDB: 5.6.13 started; log sequence number 4153771
2023-12-14 20:08:28 6604 [Note] Server hostname (bind-address): '*'; port: 3306
2023-12-14 20:08:28 6604 [Note] IPv6 is available.
2023-12-14 20:08:28 6604 [Note]   - '::' resolves to '::';
2023-12-14 20:08:28 6604 [Note] Server socket created on IP: '::'.
2023-12-14 20:08:31 6604 [Note] Event Scheduler: Loaded 0 events
2023-12-14 20:08:31 6604 [Note] C:\CursoNodeJS\Grupo5\grupo5-Actual\BaseDatos/mysql/bin/mysqld_usbwv8.exe: ready for connections.
Version: '5.6.13'  socket: ''  port: 3306  MySQL Community Server (GPL)
2023-12-19 09:46:58 30332 [Note] Plugin 'FEDERATED' is disabled.
2023-12-19 09:46:58 30332 [Note] InnoDB: The InnoDB memory heap is disabled
2023-12-19 09:46:58 30332 [Note] InnoDB: Mutexes and rw_locks use Windows interlocked functions
2023-12-19 09:46:58 30332 [Note] InnoDB: Compressed tables use zlib 1.2.3
2023-12-19 09:46:58 30332 [Note] InnoDB: Not using CPU crc32 instructions
2023-12-19 09:46:58 30332 [Note] InnoDB: Initializing buffer pool, size = 128.0M
2023-12-19 09:46:58 30332 [Note] InnoDB: Completed initialization of buffer pool
2023-12-19 09:46:58 30332 [Note] InnoDB: Highest supported file format is Barracuda.
2023-12-19 09:46:58 30332 [Note] InnoDB: The log sequence numbers 1626134 and 1626134 in ibdata files do not match the log sequence number 4153938 in the ib_logfiles!
2023-12-19 09:46:58 30332 [Note] InnoDB: Database was not shutdown normally!
2023-12-19 09:46:58 30332 [Note] InnoDB: Starting crash recovery.
2023-12-19 09:46:58 30332 [Note] InnoDB: Reading tablespace information from the .ibd files...
2023-12-19 09:46:58 30332 [Note] InnoDB: Restoring possible half-written data pages 
2023-12-19 09:46:58 30332 [Note] InnoDB: from the doublewrite buffer...
2023-12-19 09:46:58 30332 [Note] InnoDB: 128 rollback segment(s) are active.
2023-12-19 09:46:58 30332 [Note] InnoDB: Waiting for purge to start
2023-12-19 09:46:58 30332 [Note] InnoDB: 5.6.13 started; log sequence number 4153938
2023-12-19 09:46:58 30332 [Note] Server hostname (bind-address): '*'; port: 3306
2023-12-19 09:46:58 30332 [Note] IPv6 is available.
2023-12-19 09:46:58 30332 [Note]   - '::' resolves to '::';
2023-12-19 09:46:58 30332 [Note] Server socket created on IP: '::'.
2023-12-19 12:32:27 7460 [Note] Plugin 'FEDERATED' is disabled.
2023-12-19 12:32:27 7460 [Note] InnoDB: The InnoDB memory heap is disabled
2023-12-19 12:32:27 7460 [Note] InnoDB: Mutexes and rw_locks use Windows interlocked functions
2023-12-19 12:32:27 7460 [Note] InnoDB: Compressed tables use zlib 1.2.3
2023-12-19 12:32:27 7460 [Note] InnoDB: Not using CPU crc32 instructions
2023-12-19 12:32:27 7460 [Note] InnoDB: Initializing buffer pool, size = 128.0M
2023-12-19 12:32:27 7460 [Note] InnoDB: Completed initialization of buffer pool
2023-12-19 12:32:27 7460 [Note] InnoDB: Highest supported file format is Barracuda.
2023-12-19 12:32:27 7460 [Note] InnoDB: The log sequence numbers 1626134 and 1626134 in ibdata files do not match the log sequence number 4153948 in the ib_logfiles!
2023-12-19 12:32:27 7460 [Note] InnoDB: Database was not shutdown normally!
2023-12-19 12:32:27 7460 [Note] InnoDB: Starting crash recovery.
2023-12-19 12:32:27 7460 [Note] InnoDB: Reading tablespace information from the .ibd files...
2023-12-19 12:32:28 7460 [Note] InnoDB: Restoring possible half-written data pages 
2023-12-19 12:32:28 7460 [Note] InnoDB: from the doublewrite buffer...
2023-12-19 12:32:28 7460 [Note] InnoDB: 128 rollback segment(s) are active.
2023-12-19 12:32:28 7460 [Note] InnoDB: Waiting for purge to start
2023-12-19 12:32:28 7460 [Note] InnoDB: 5.6.13 started; log sequence number 4153948
2023-12-19 12:32:28 7460 [Note] Server hostname (bind-address): '*'; port: 3306
2023-12-19 12:32:28 7460 [Note] IPv6 is available.
2023-12-19 12:32:28 7460 [Note]   - '::' resolves to '::';
2023-12-19 12:32:28 7460 [Note] Server socket created on IP: '::'.
2023-12-19 12:32:30 7460 [Note] Event Scheduler: Loaded 0 events
2023-12-19 12:32:30 7460 [Note] C:\CursoNodeJS\Grupo5\grupo5-Actual\BaseDatos/mysql/bin/mysqld_usbwv8.exe: ready for connections.
Version: '5.6.13'  socket: ''  port: 3306  MySQL Community Server (GPL)
2023-12-20 09:50:15 83100 [Note] Plugin 'FEDERATED' is disabled.
2023-12-20 09:50:15 83100 [Note] InnoDB: The InnoDB memory heap is disabled
2023-12-20 09:50:15 83100 [Note] InnoDB: Mutexes and rw_locks use Windows interlocked functions
2023-12-20 09:50:15 83100 [Note] InnoDB: Compressed tables use zlib 1.2.3
2023-12-20 09:50:15 83100 [Note] InnoDB: Not using CPU crc32 instructions
2023-12-20 09:50:15 83100 [Note] InnoDB: Initializing buffer pool, size = 128.0M
2023-12-20 09:50:15 83100 [Note] InnoDB: Completed initialization of buffer pool
2023-12-20 09:50:15 83100 [ERROR] InnoDB: C:\CursoNodeJS\Grupo5\grupo5-Actual\BaseDatos\mysql\data\ibdata1 can't be opened in read-write mode
2023-12-20 09:50:15 83100 [ERROR] InnoDB: The system tablespace must be writable!
2023-12-20 09:50:15 83100 [ERROR] Plugin 'InnoDB' init function returned error.
2023-12-20 09:50:15 83100 [ERROR] Plugin 'InnoDB' registration as a STORAGE ENGINE failed.
2023-12-20 09:50:15 83100 [ERROR] Unknown/unsupported storage engine: InnoDB
2023-12-20 09:50:15 83100 [ERROR] Aborting

2023-12-20 09:50:15 83100 [Note] Binlog end
2023-12-20 09:50:15 83100 [Note] Shutting down plugin 'partition'
2023-12-20 09:50:15 83100 [Note] Shutting down plugin 'PERFORMANCE_SCHEMA'
2023-12-20 09:50:15 83100 [Note] Shutting down plugin 'INNODB_SYS_DATAFILES'
2023-12-20 09:50:15 83100 [Note] Shutting down plugin 'INNODB_SYS_TABLESPACES'
2023-12-20 09:50:15 83100 [Note] Shutting down plugin 'INNODB_SYS_FOREIGN_COLS'
2023-12-20 09:50:15 83100 [Note] Shutting down plugin 'INNODB_SYS_FOREIGN'
2023-12-20 09:50:15 83100 [Note] Shutting down plugin 'INNODB_SYS_FIELDS'
2023-12-20 09:50:15 83100 [Note] Shutting down plugin 'INNODB_SYS_COLUMNS'
2023-12-20 09:50:15 83100 [Note] Shutting down plugin 'INNODB_SYS_INDEXES'
2023-12-20 09:50:15 83100 [Note] Shutting down plugin 'INNODB_SYS_TABLESTATS'
2023-12-20 09:50:15 83100 [Note] Shutting down plugin 'INNODB_SYS_TABLES'
2023-12-20 09:50:15 83100 [Note] Shutting down plugin 'INNODB_FT_INDEX_TABLE'
2023-12-20 09:50:15 83100 [Note] Shutting down plugin 'INNODB_FT_INDEX_CACHE'
2023-12-20 09:50:15 83100 [Note] Shutting down plugin 'INNODB_FT_CONFIG'
2023-12-20 09:50:15 83100 [Note] Shutting down plugin 'INNODB_FT_BEING_DELETED'
2023-12-20 09:50:15 83100 [Note] Shutting down plugin 'INNODB_FT_DELETED'
2023-12-20 09:50:15 83100 [Note] Shutting down plugin 'INNODB_FT_DEFAULT_STOPWORD'
2023-12-20 09:50:15 83100 [Note] Shutting down plugin 'INNODB_METRICS'
2023-12-20 09:50:16 83100 [Note] Shutting down plugin 'INNODB_BUFFER_POOL_STATS'
2023-12-20 09:50:16 83100 [Note] Shutting down plugin 'INNODB_BUFFER_PAGE_LRU'
2023-12-20 09:50:16 83100 [Note] Shutting down plugin 'INNODB_BUFFER_PAGE'
2023-12-20 09:50:16 83100 [Note] Shutting down plugin 'INNODB_CMP_PER_INDEX_RESET'
2023-12-20 09:50:16 83100 [Note] Shutting down plugin 'INNODB_CMP_PER_INDEX'
2023-12-20 09:50:16 83100 [Note] Shutting down plugin 'INNODB_CMPMEM_RESET'
2023-12-20 09:50:16 83100 [Note] Shutting down plugin 'INNODB_CMPMEM'
2023-12-20 09:50:16 83100 [Note] Shutting down plugin 'INNODB_CMP_RESET'
2023-12-20 09:50:16 83100 [Note] Shutting down plugin 'INNODB_CMP'
2023-12-20 09:50:16 83100 [Note] Shutting down plugin 'INNODB_LOCK_WAITS'
2023-12-20 09:50:16 83100 [Note] Shutting down plugin 'INNODB_LOCKS'
2023-12-20 09:50:16 83100 [Note] Shutting down plugin 'INNODB_TRX'
2023-12-20 09:50:16 83100 [Note] Shutting down plugin 'BLACKHOLE'
2023-12-20 09:50:16 83100 [Note] Shutting down plugin 'ARCHIVE'
2023-12-20 09:50:16 83100 [Note] Shutting down plugin 'MRG_MYISAM'
2023-12-20 09:50:16 83100 [Note] Shutting down plugin 'MyISAM'
2023-12-20 09:50:16 83100 [Note] Shutting down plugin 'MEMORY'
2023-12-20 09:50:16 83100 [Note] Shutting down plugin 'CSV'
2023-12-20 09:50:16 83100 [Note] Shutting down plugin 'sha256_password'
2023-12-20 09:50:16 83100 [Note] Shutting down plugin 'mysql_old_password'
2023-12-20 09:50:16 83100 [Note] Shutting down plugin 'mysql_native_password'
2023-12-20 09:50:16 83100 [Note] Shutting down plugin 'binlog'
2023-12-20 09:50:16 83100 [Note] C:\CursoNodeJS\Grupo5\grupo5-Actual\BaseDatos/mysql/bin/mysqld_usbwv8.exe: Shutdown complete

2023-12-21 03:00:53 87316 [Note] Plugin 'FEDERATED' is disabled.
2023-12-21 03:00:53 87316 [Note] InnoDB: The InnoDB memory heap is disabled
2023-12-21 03:00:53 87316 [Note] InnoDB: Mutexes and rw_locks use Windows interlocked functions
2023-12-21 03:00:53 87316 [Note] InnoDB: Compressed tables use zlib 1.2.3
2023-12-21 03:00:53 87316 [Note] InnoDB: Not using CPU crc32 instructions
2023-12-21 03:00:53 87316 [Note] InnoDB: Initializing buffer pool, size = 128.0M
2023-12-21 03:00:53 87316 [Note] InnoDB: Completed initialization of buffer pool
2023-12-21 03:00:53 87316 [Note] InnoDB: Highest supported file format is Barracuda.
2023-12-21 03:00:53 87316 [Note] InnoDB: The log sequence numbers 1626134 and 1626134 in ibdata files do not match the log sequence number 4194324 in the ib_logfiles!
2023-12-21 03:00:53 87316 [Note] InnoDB: Database was not shutdown normally!
2023-12-21 03:00:53 87316 [Note] InnoDB: Starting crash recovery.
2023-12-21 03:00:53 87316 [Note] InnoDB: Reading tablespace information from the .ibd files...
2023-12-21 03:00:53 87316 [Note] InnoDB: Restoring possible half-written data pages 
2023-12-21 03:00:53 87316 [Note] InnoDB: from the doublewrite buffer...
2023-12-21 03:00:54 87316 [Note] InnoDB: 128 rollback segment(s) are active.
2023-12-21 03:00:54 87316 [Note] InnoDB: Waiting for purge to start
2023-12-21 03:00:54 87316 [Note] InnoDB: 5.6.13 started; log sequence number 4194324
2023-12-21 03:00:54 87316 [Note] Server hostname (bind-address): '*'; port: 3306
2023-12-21 03:00:54 87316 [Note] IPv6 is available.
2023-12-21 03:00:54 87316 [Note]   - '::' resolves to '::';
2023-12-21 03:00:54 87316 [Note] Server socket created on IP: '::'.
2023-12-21 08:48:38 14064 [Note] Plugin 'FEDERATED' is disabled.
2023-12-21 08:48:38 14064 [Note] InnoDB: The InnoDB memory heap is disabled
2023-12-21 08:48:38 14064 [Note] InnoDB: Mutexes and rw_locks use Windows interlocked functions
2023-12-21 08:48:38 14064 [Note] InnoDB: Compressed tables use zlib 1.2.3
2023-12-21 08:48:38 14064 [Note] InnoDB: Not using CPU crc32 instructions
2023-12-21 08:48:38 14064 [Note] InnoDB: Initializing buffer pool, size = 128.0M
2023-12-21 08:48:38 14064 [Note] InnoDB: Completed initialization of buffer pool
2023-12-21 08:48:38 14064 [Note] InnoDB: Highest supported file format is Barracuda.
2023-12-21 08:48:38 14064 [Note] InnoDB: The log sequence numbers 1626134 and 1626134 in ibdata files do not match the log sequence number 4197085 in the ib_logfiles!
2023-12-21 08:48:38 14064 [Note] InnoDB: Database was not shutdown normally!
2023-12-21 08:48:38 14064 [Note] InnoDB: Starting crash recovery.
2023-12-21 08:48:38 14064 [Note] InnoDB: Reading tablespace information from the .ibd files...
2023-12-21 08:48:39 14064 [Note] InnoDB: Restoring possible half-written data pages 
2023-12-21 08:48:39 14064 [Note] InnoDB: from the doublewrite buffer...
2023-12-21 08:48:39 14064 [Note] InnoDB: 128 rollback segment(s) are active.
2023-12-21 08:48:39 14064 [Note] InnoDB: Waiting for purge to start
2023-12-21 08:48:39 14064 [Note] InnoDB: 5.6.13 started; log sequence number 4197085
2023-12-21 08:48:39 14064 [Note] Server hostname (bind-address): '*'; port: 3306
2023-12-21 08:48:39 14064 [Note] IPv6 is available.
2023-12-21 08:48:39 14064 [Note]   - '::' resolves to '::';
2023-12-21 08:48:39 14064 [Note] Server socket created on IP: '::'.
