::1 - - [21/Dec/2023:15:50:11 -0300] "GET /phpmyadmin/index.php?db=funko&table=user&target=sql.php&token=4cccc48cd8e09f6700f7d8ea00c8ccee HTTP/1.1" 200 8067
::1 - - [21/Dec/2023:15:50:13 -0300] "GET /phpmyadmin/js/get_scripts.js.php?scripts[]=jquery/jquery-1.8.3.js&scripts[]=ajax.js&scripts[]=keyhandler.js&scripts[]=jquery/jquery-ui-1.9.2.custom.js&scripts[]=jquery/jquery.sprintf.js&scripts[]=jquery/jquery.cookie.js&scripts[]=jquery/jquery.mousewheel.js&scripts[]=jquery/jquery.event.drag-2.2.js&scripts[]=jquery/jquery-ui-timepicker-addon.js&scripts[]=jquery/jquery.ba-hashchange-1.3.js&scripts[]=jquery/jquery.debounce-1.0.5.js&scripts[]=jquery/jquery.menuResizer-1.0.js&scripts[]=rte.js&scripts[]=functions.js&scripts[]=navigation.js&scripts[]=indexes.js&scripts[]=common.js&scripts[]=codemirror/lib/codemirror.js&scripts[]=codemirror/mode/mysql/mysql.js HTTP/1.1" 200 578562
::1 - - [21/Dec/2023:15:50:13 -0300] "GET /phpmyadmin/phpmyadmin.css.php?server=1&token=9f65d3fe94cc5e904442456cee58aca8&nocache=4125195912ltr HTTP/1.1" 200 88608
::1 - - [21/Dec/2023:15:50:13 -0300] "GET /phpmyadmin/js/get_image.js.php?theme=pmahomme HTTP/1.1" 200 6263
::1 - - [21/Dec/2023:15:50:13 -0300] "GET /phpmyadmin/js/messages.php?lang=en&db=funko&server=0&token=1370a72d7b254a66e85871b5733a132d HTTP/1.1" 200 16674
::1 - - [21/Dec/2023:15:50:14 -0300] "GET /phpmyadmin/sql.php?db=funko&table=product&server=1&target=&token=4cccc48cd8e09f6700f7d8ea00c8ccee HTTP/1.1" 200 8041
::1 - - [21/Dec/2023:15:50:14 -0300] "GET /phpmyadmin/phpmyadmin.css.php?server=1&token=9153654a632cfc6a4aa862dddfee09df&nocache=4125195912ltr HTTP/1.1" 200 88608
::1 - - [21/Dec/2023:15:50:14 -0300] "GET /phpmyadmin/js/messages.php?lang=en&db=funko&token=9f65d3fe94cc5e904442456cee58aca8 HTTP/1.1" 200 16674
::1 - - [21/Dec/2023:19:57:25 -0300] "GET /phpmyadmin/ HTTP/1.1" 200 7945
::1 - - [21/Dec/2023:19:57:27 -0300] "GET /phpmyadmin/js/get_scripts.js.php?scripts[]=jquery/jquery-1.8.3.js&scripts[]=ajax.js&scripts[]=keyhandler.js&scripts[]=jquery/jquery-ui-1.9.2.custom.js&scripts[]=jquery/jquery.sprintf.js&scripts[]=jquery/jquery.cookie.js&scripts[]=jquery/jquery.mousewheel.js&scripts[]=jquery/jquery.event.drag-2.2.js&scripts[]=jquery/jquery-ui-timepicker-addon.js&scripts[]=jquery/jquery.ba-hashchange-1.3.js&scripts[]=jquery/jquery.debounce-1.0.5.js&scripts[]=jquery/jquery.menuResizer-1.0.js&scripts[]=rte.js&scripts[]=functions.js&scripts[]=navigation.js&scripts[]=indexes.js&scripts[]=common.js&scripts[]=codemirror/lib/codemirror.js&scripts[]=codemirror/mode/mysql/mysql.js HTTP/1.1" 200 578562
::1 - - [21/Dec/2023:19:57:27 -0300] "GET /phpmyadmin/phpmyadmin.css.php?server=1&token=465593f16fdc758e7b6c5db75f821076&nocache=4125195912ltr HTTP/1.1" 200 88608
::1 - - [21/Dec/2023:19:57:27 -0300] "GET /phpmyadmin/js/get_image.js.php?theme=pmahomme HTTP/1.1" 200 6263
::1 - - [21/Dec/2023:19:57:27 -0300] "GET /phpmyadmin/js/messages.php?lang=en&db=&server=0&token=9153654a632cfc6a4aa862dddfee09df HTTP/1.1" 200 16674
::1 - - [21/Dec/2023:19:57:54 -0300] "POST /phpmyadmin/index.php HTTP/1.1" 302 -
::1 - - [21/Dec/2023:19:57:54 -0300] "GET /phpmyadmin/index.php?token=465593f16fdc758e7b6c5db75f821076 HTTP/1.1" 200 42538
::1 - - [21/Dec/2023:19:57:54 -0300] "GET /phpmyadmin/phpmyadmin.css.php?server=1&token=465593f16fdc758e7b6c5db75f821076&nocache=5828395386ltr HTTP/1.1" 200 88608
::1 - - [21/Dec/2023:19:57:54 -0300] "GET /phpmyadmin/js/messages.php?lang=en&db=&server=0&token=465593f16fdc758e7b6c5db75f821076 HTTP/1.1" 200 16674
::1 - - [21/Dec/2023:19:57:55 -0300] "GET /phpmyadmin/version_check.php?&_nocache=1703199475133235208 HTTP/1.1" 200 39
::1 - - [21/Dec/2023:19:58:37 -0300] "GET /phpmyadmin/navigation.php?ajax_request=1&token=465593f16fdc758e7b6c5db75f821076&aPath=cm9vdA%3D%3D.ZnVua28%3D&vPath=cm9vdA%3D%3D.ZnVua28%3D&pos=0&pos2_name=&pos2_value=&searchClause=&searchClause2=&_nocache=1703199517849238776 HTTP/1.1" 200 5148
::1 - - [21/Dec/2023:19:58:40 -0300] "GET /phpmyadmin/sql.php?server=1&db=funko&table=user&pos=0&token=465593f16fdc758e7b6c5db75f821076&ajax_request=true&ajax_page_request=true&menuHashes=a25dd630&_nocache=170319952063192208 HTTP/1.1" 200 27101
::1 - - [21/Dec/2023:19:58:40 -0300] "GET /phpmyadmin/js/get_scripts.js.php?scripts[]=tbl_change.js&scripts[]=tbl_structure.js&scripts[]=gis_data_editor.js&scripts[]=makegrid.js&scripts[]=sql.js HTTP/1.1" 200 57302
::1 - - [21/Dec/2023:19:58:41 -0300] "GET /phpmyadmin/index.php?ajax_request=1&recent_table=1&token=465593f16fdc758e7b6c5db75f821076 HTTP/1.1" 200 202
::1 - - [21/Dec/2023:19:58:48 -0300] "GET /phpmyadmin/sql.php?db=funko&table=user&sql_query=DELETE+FROM+%60funko%60.%60user%60+WHERE+%60user%60.%60user_id%60+%3D+4&message_to_show=The+row+has+been+deleted&goto=sql.php%3Fdb%3Dfunko%26table%3Duser%26sql_query%3DSELECT%2B%252A%2BFROM%2B%2560user%2560%26message_to_show%3DThe%2Brow%2Bhas%2Bbeen%2Bdeleted%26goto%3Dtbl_sql.php%26token%3D465593f16fdc758e7b6c5db75f821076&token=465593f16fdc758e7b6c5db75f821076&ajax_request=true&is_js_confirmed=true&_nocache=1703199528337596097 HTTP/1.1" 200 2516
::1 - - [21/Dec/2023:20:14:19 -0300] "GET /phpmyadmin/querywindow.php?token=465593f16fdc758e7b6c5db75f821076&server=1&db=funko&table=user&sql_query=SELECT%20*%20FROM%20%60user%60&init=1 HTTP/1.1" 200 8387
::1 - - [21/Dec/2023:20:14:21 -0300] "GET /phpmyadmin/js/messages.php?lang=en&db=funko&token=465593f16fdc758e7b6c5db75f821076 HTTP/1.1" 200 16674
::1 - - [21/Dec/2023:20:14:21 -0300] "GET /phpmyadmin/js/get_scripts.js.php?scripts[]=jquery/jquery-1.8.3.js&scripts[]=ajax.js&scripts[]=keyhandler.js&scripts[]=jquery/jquery-ui-1.9.2.custom.js&scripts[]=jquery/jquery.sprintf.js&scripts[]=jquery/jquery.cookie.js&scripts[]=jquery/jquery.mousewheel.js&scripts[]=jquery/jquery.event.drag-2.2.js&scripts[]=jquery/jquery-ui-timepicker-addon.js&scripts[]=jquery/jquery.ba-hashchange-1.3.js&scripts[]=jquery/jquery.debounce-1.0.5.js&scripts[]=jquery/jquery.menuResizer-1.0.js&scripts[]=rte.js&scripts[]=functions.js&scripts[]=navigation.js&scripts[]=indexes.js&scripts[]=common.js&scripts[]=querywindow.js&scripts[]=codemirror/lib/codemirror.js&scripts[]=codemirror/mode/mysql/mysql.js HTTP/1.1" 200 488845
::1 - - [21/Dec/2023:20:14:57 -0300] "GET /phpmyadmin/querywindow.php?token=465593f16fdc758e7b6c5db75f821076&server=1&db=funko&table=user&sql_query=SELECT%20*%20FROM%20%60user%60&init=1 HTTP/1.1" 200 8387
::1 - - [21/Dec/2023:20:14:57 -0300] "GET /phpmyadmin/js/get_scripts.js.php?scripts[]=jquery/jquery-1.8.3.js&scripts[]=ajax.js&scripts[]=keyhandler.js&scripts[]=jquery/jquery-ui-1.9.2.custom.js&scripts[]=jquery/jquery.sprintf.js&scripts[]=jquery/jquery.cookie.js&scripts[]=jquery/jquery.mousewheel.js&scripts[]=jquery/jquery.event.drag-2.2.js&scripts[]=jquery/jquery-ui-timepicker-addon.js&scripts[]=jquery/jquery.ba-hashchange-1.3.js&scripts[]=jquery/jquery.debounce-1.0.5.js&scripts[]=jquery/jquery.menuResizer-1.0.js&scripts[]=rte.js&scripts[]=functions.js&scripts[]=navigation.js&scripts[]=indexes.js&scripts[]=common.js&scripts[]=querywindow.js&scripts[]=codemirror/lib/codemirror.js&scripts[]=codemirror/mode/mysql/mysql.js HTTP/1.1" 200 578973
::1 - - [21/Dec/2023:20:14:59 -0300] "POST /phpmyadmin/import.php HTTP/1.1" 200 31385
::1 - - [21/Dec/2023:20:15:00 -0300] "GET /phpmyadmin/js/messages.php?lang=en&db=funko&server=0&token=465593f16fdc758e7b6c5db75f821076 HTTP/1.1" 200 16674
::1 - - [21/Dec/2023:20:15:00 -0300] "GET /phpmyadmin/js/get_scripts.js.php?scripts[]=jquery/jquery-1.8.3.js&scripts[]=ajax.js&scripts[]=keyhandler.js&scripts[]=jquery/jquery-ui-1.9.2.custom.js&scripts[]=jquery/jquery.sprintf.js&scripts[]=jquery/jquery.cookie.js&scripts[]=jquery/jquery.mousewheel.js&scripts[]=jquery/jquery.event.drag-2.2.js&scripts[]=jquery/jquery-ui-timepicker-addon.js&scripts[]=jquery/jquery.ba-hashchange-1.3.js&scripts[]=jquery/jquery.debounce-1.0.5.js&scripts[]=jquery/jquery.menuResizer-1.0.js&scripts[]=rte.js&scripts[]=functions.js&scripts[]=navigation.js&scripts[]=indexes.js&scripts[]=common.js&scripts[]=tbl_change.js&scripts[]=tbl_structure.js&scripts[]=gis_data_editor.js&scripts[]=makegrid.js&scripts[]=sql.js&scripts[]=codemirror/lib/codemirror.js&scripts[]=codemirror/mode/mysql/mysql.js HTTP/1.1" 200 635864
::1 - - [21/Dec/2023:20:15:00 -0300] "GET /phpmyadmin/index.php?ajax_request=1&recent_table=1&token=465593f16fdc758e7b6c5db75f821076 HTTP/1.1" 200 202
::1 - - [21/Dec/2023:20:15:02 -0300] "GET /phpmyadmin/sql.php?db=funko&table=user&sql_query=DELETE+FROM+%60funko%60.%60user%60+WHERE+%60user%60.%60user_id%60+%3D+5&message_to_show=The+row+has+been+deleted&goto=sql.php%3Fdb%3Dfunko%26table%3Duser%26sql_query%3DSELECT%2B%252A%2BFROM%2B%2560user%2560%26message_to_show%3DThe%2Brow%2Bhas%2Bbeen%2Bdeleted%26goto%3Dtbl_sql.php%26token%3D465593f16fdc758e7b6c5db75f821076&token=465593f16fdc758e7b6c5db75f821076&ajax_request=true&ajax_page_request=true&_nocache=1703200502628405307 HTTP/1.1" 200 7116
::1 - - [21/Dec/2023:20:15:02 -0300] "GET /phpmyadmin/index.php?ajax_request=1&recent_table=1&token=465593f16fdc758e7b6c5db75f821076 HTTP/1.1" 200 202
::1 - - [21/Dec/2023:20:15:04 -0300] "POST /phpmyadmin/sql.php HTTP/1.1" 302 12266
::1 - - [21/Dec/2023:20:15:04 -0300] "GET /phpmyadmin/sql.php?db=funko&table=user&sql_query=SELECT+%2A+FROM+%60user%60&message_to_show=The+row+has+been+deleted&goto=tbl_sql.php&token=465593f16fdc758e7b6c5db75f821076&message=1+row+deleted.+%28Query+took+0.0055+sec%29 HTTP/1.1" 200 31323
::1 - - [21/Dec/2023:20:15:04 -0300] "GET /phpmyadmin/index.php?ajax_request=1&recent_table=1&token=465593f16fdc758e7b6c5db75f821076 HTTP/1.1" 200 202
::1 - - [21/Dec/2023:20:15:08 -0300] "GET /phpmyadmin/navigation.php?ajax_request=1&token=465593f16fdc758e7b6c5db75f821076&aPath=cm9vdA%3D%3D.ZnVua28%3D&vPath=cm9vdA%3D%3D.ZnVua28%3D&pos=0&pos2_name=&pos2_value=&searchClause=&searchClause2=&_nocache=1703200508207845792 HTTP/1.1" 200 5148
::1 - - [21/Dec/2023:20:26:31 -0300] "GET /phpmyadmin/sql.php?server=1&db=funko&table=user&pos=0&token=465593f16fdc758e7b6c5db75f821076&ajax_request=true&ajax_page_request=true&_nocache=1703201191951342072 HTTP/1.1" 200 24507
::1 - - [21/Dec/2023:20:26:32 -0300] "GET /phpmyadmin/index.php?ajax_request=1&recent_table=1&token=465593f16fdc758e7b6c5db75f821076 HTTP/1.1" 200 202
::1 - - [21/Dec/2023:20:26:34 -0300] "GET /phpmyadmin/sql.php?server=1&db=funko&table=user_has_role&pos=0&token=465593f16fdc758e7b6c5db75f821076&ajax_request=true&ajax_page_request=true&menuHashes=391dc1f9&_nocache=1703201194716262033 HTTP/1.1" 200 20820
::1 - - [21/Dec/2023:20:26:34 -0300] "GET /phpmyadmin/index.php?ajax_request=1&recent_table=1&token=465593f16fdc758e7b6c5db75f821076 HTTP/1.1" 200 332
::1 - - [21/Dec/2023:20:26:40 -0300] "GET /phpmyadmin/sql.php?server=1&db=funko&table=role&pos=0&token=465593f16fdc758e7b6c5db75f821076&ajax_request=true&ajax_page_request=true&menuHashes=391dc1f9-20f7ec7d&_nocache=1703201200148786617 HTTP/1.1" 200 19369
::1 - - [21/Dec/2023:20:26:40 -0300] "GET /phpmyadmin/index.php?ajax_request=1&recent_table=1&token=465593f16fdc758e7b6c5db75f821076 HTTP/1.1" 200 444
::1 - - [21/Dec/2023:20:28:51 -0300] "GET /phpmyadmin/sql.php?server=1&db=funko&table=user&pos=0&token=465593f16fdc758e7b6c5db75f821076&ajax_request=true&ajax_page_request=true&menuHashes=391dc1f9-20f7ec7d-d677113f&_nocache=1703201331294305934 HTTP/1.1" 200 24126
::1 - - [21/Dec/2023:20:28:51 -0300] "GET /phpmyadmin/index.php?ajax_request=1&recent_table=1&token=465593f16fdc758e7b6c5db75f821076 HTTP/1.1" 200 444
::1 - - [21/Dec/2023:20:55:17 -0300] "GET /phpmyadmin/sql.php?server=1&db=funko&table=licence&pos=0&token=465593f16fdc758e7b6c5db75f821076&ajax_request=true&ajax_page_request=true&menuHashes=391dc1f9-20f7ec7d-d677113f&_nocache=1703202917180589890 HTTP/1.1" 200 292
::1 - - [21/Dec/2023:20:55:23 -0300] "GET /phpmyadmin/sql.php?server=1&db=funko&table=licence&pos=0&token=465593f16fdc758e7b6c5db75f821076&ajax_request=true&ajax_page_request=true&menuHashes=391dc1f9-20f7ec7d-d677113f&_nocache=1703202923635772732 HTTP/1.1" 200 292
::1 - - [21/Dec/2023:20:55:27 -0300] "GET /phpmyadmin/sql.php?server=1&db=funko&table=product&pos=0&token=465593f16fdc758e7b6c5db75f821076&ajax_request=true&ajax_page_request=true&menuHashes=391dc1f9-20f7ec7d-d677113f&_nocache=1703202927867918362 HTTP/1.1" 200 292
::1 - - [21/Dec/2023:20:55:29 -0300] "GET /phpmyadmin/sql.php?db=funko&table=user&sql_query=SELECT+%2A+FROM+%60user%60&message_to_show=The+row+has+been+deleted&goto=tbl_sql.php&token=465593f16fdc758e7b6c5db75f821076&message=1+row+deleted.+%28Query+took+0.0055+sec%29 HTTP/1.1" 200 189
::1 - - [21/Dec/2023:20:55:29 -0300] "GET /favicon.ico HTTP/1.1" 404 209
::1 - - [21/Dec/2023:20:55:37 -0300] "GET /phpmyadmin/ HTTP/1.1" 200 8091
::1 - - [21/Dec/2023:20:55:43 -0300] "POST /phpmyadmin/index.php HTTP/1.1" 302 -
::1 - - [21/Dec/2023:20:55:43 -0300] "GET /phpmyadmin/index.php?token=465593f16fdc758e7b6c5db75f821076 HTTP/1.1" 200 42831
::1 - - [21/Dec/2023:20:55:43 -0300] "GET /phpmyadmin/version_check.php?&_nocache=1703202943876351440 HTTP/1.1" 200 39
::1 - - [21/Dec/2023:20:55:49 -0300] "GET /phpmyadmin/navigation.php?ajax_request=1&token=465593f16fdc758e7b6c5db75f821076&aPath=cm9vdA%3D%3D.ZnVua28%3D&vPath=cm9vdA%3D%3D.ZnVua28%3D&pos=0&pos2_name=&pos2_value=&searchClause=&searchClause2=&_nocache=1703202949316158831 HTTP/1.1" 200 5148
::1 - - [21/Dec/2023:20:55:51 -0300] "GET /phpmyadmin/sql.php?server=1&db=funko&table=product&pos=0&token=465593f16fdc758e7b6c5db75f821076&ajax_request=true&ajax_page_request=true&menuHashes=a25dd630&_nocache=170320295172371589 HTTP/1.1" 200 65730
::1 - - [21/Dec/2023:20:55:52 -0300] "GET /phpmyadmin/index.php?ajax_request=1&recent_table=1&token=465593f16fdc758e7b6c5db75f821076 HTTP/1.1" 200 562
